# JRE version: OpenJDK Runtime Environment (8.0_202) (build 1.8.0_202-release-1483-b49-5587405)
# Java VM: OpenJDK 64-Bit Server VM (25.202-b49-5587405 mixed mode linux-amd64 compressed oops)
Heap:
 PSYoungGen      total 132608K, used 9702K [0x00000000e0000000, 0x00000000e8b00000, 0x0000000100000000)
  eden space 122880K, 0% used [0x00000000e0000000,0x00000000e0000000,0x00000000e7800000)
  from space 9728K, 99% used [0x00000000e7800000,0x00000000e8179ba8,0x00000000e8180000)
  to   space 9216K, 0% used [0x00000000e8200000,0x00000000e8200000,0x00000000e8b00000)
 ParOldGen       total 41472K, used 16481K [0x00000000a0000000, 0x00000000a2880000, 0x00000000e0000000)
  object space 41472K, 39% used [0x00000000a0000000,0x00000000a10184a8,0x00000000a2880000)
 Metaspace       used 31682K, capacity 32390K, committed 32512K, reserved 1077248K
  class space    used 4329K, capacity 4550K, committed 4608K, reserved 1048576K
GC Heap History (10 events):
Event: 1.487 GC heap after
Heap after GC invocations=3 (full 0):
 PSYoungGen      total 33280K, used 2528K [0x00000000e0000000, 0x00000000e4100000, 0x0000000100000000)
  eden space 30720K, 0% used [0x00000000e0000000,0x00000000e0000000,0x00000000e1e00000)
  from space 2560K, 98% used [0x00000000e1e00000,0x00000000e2078020,0x00000000e2080000)
  to   space 2560K, 0% used [0x00000000e3e80000,0x00000000e3e80000,0x00000000e4100000)
 ParOldGen       total 40960K, used 2212K [0x00000000a0000000, 0x00000000a2800000, 0x00000000e0000000)
  object space 40960K, 5% used [0x00000000a0000000,0x00000000a0229278,0x00000000a2800000)
 Metaspace       used 8928K, capacity 9246K, committed 9600K, reserved 1056768K
  class space    used 1174K, capacity 1293K, committed 1408K, reserved 1048576K
}
Event: 2.087 GC heap before
{Heap before GC invocations=4 (full 0):
 PSYoungGen      total 33280K, used 33248K [0x00000000e0000000, 0x00000000e4100000, 0x0000000100000000)
  eden space 30720K, 100% used [0x00000000e0000000,0x00000000e1e00000,0x00000000e1e00000)
  from space 2560K, 98% used [0x00000000e1e00000,0x00000000e2078020,0x00000000e2080000)
  to   space 2560K, 0% used [0x00000000e3e80000,0x00000000e3e80000,0x00000000e4100000)
 ParOldGen       total 40960K, used 2212K [0x00000000a0000000, 0x00000000a2800000, 0x00000000e0000000)
  object space 40960K, 5% used [0x00000000a0000000,0x00000000a0229278,0x00000000a2800000)
 Metaspace       used 12849K, capacity 13208K, committed 13568K, reserved 1060864K
  class space    used 1788K, capacity 1932K, committed 2048K, reserved 1048576K
Event: 2.098 GC heap after
Heap after GC invocations=4 (full 0):
 PSYoungGen      total 64000K, used 2528K [0x00000000e0000000, 0x00000000e4100000, 0x0000000100000000)
  eden space 61440K, 0% used [0x00000000e0000000,0x00000000e0000000,0x00000000e3c00000)
  from space 2560K, 98% used [0x00000000e3e80000,0x00000000e40f8030,0x00000000e4100000)
  to   space 2560K, 0% used [0x00000000e3c00000,0x00000000e3c00000,0x00000000e3e80000)
 ParOldGen       total 40960K, used 5966K [0x00000000a0000000, 0x00000000a2800000, 0x00000000e0000000)
  object space 40960K, 14% used [0x00000000a0000000,0x00000000a05d3a88,0x00000000a2800000)
 Metaspace       used 12849K, capacity 13208K, committed 13568K, reserved 1060864K
  class space    used 1788K, capacity 1932K, committed 2048K, reserved 1048576K
}
Event: 4.392 GC heap before
{Heap before GC invocations=5 (full 0):
 PSYoungGen      total 64000K, used 63968K [0x00000000e0000000, 0x00000000e4100000, 0x0000000100000000)
  eden space 61440K, 100% used [0x00000000e0000000,0x00000000e3c00000,0x00000000e3c00000)
  from space 2560K, 98% used [0x00000000e3e80000,0x00000000e40f8030,0x00000000e4100000)
  to   space 2560K, 0% used [0x00000000e3c00000,0x00000000e3c00000,0x00000000e3e80000)
 ParOldGen       total 40960K, used 5966K [0x00000000a0000000, 0x00000000a2800000, 0x00000000e0000000)
  object space 40960K, 14% used [0x00000000a0000000,0x00000000a05d3a88,0x00000000a2800000)
 Metaspace       used 18274K, capacity 18814K, committed 19072K, reserved 1064960K
  class space    used 2659K, capacity 2857K, committed 2944K, reserved 1048576K
Event: 4.407 GC heap after
Heap after GC invocations=5 (full 0):
 PSYoungGen      total 64000K, used 2528K [0x00000000e0000000, 0x00000000e8c00000, 0x0000000100000000)
  eden space 61440K, 0% used [0x00000000e0000000,0x00000000e0000000,0x00000000e3c00000)
  from space 2560K, 98% used [0x00000000e3c00000,0x00000000e3e78040,0x00000000e3e80000)
  to   space 10240K, 0% used [0x00000000e8200000,0x00000000e8200000,0x00000000e8c00000)
 ParOldGen       total 40960K, used 12930K [0x00000000a0000000, 0x00000000a2800000, 0x00000000e0000000)
  object space 40960K, 31% used [0x00000000a0000000,0x00000000a0ca0950,0x00000000a2800000)
 Metaspace       used 18274K, capacity 18814K, committed 19072K, reserved 1064960K
  class space    used 2659K, capacity 2857K, committed 2944K, reserved 1048576K
}
Event: 4.925 GC heap before
{Heap before GC invocations=6 (full 0):
 PSYoungGen      total 64000K, used 24125K [0x00000000e0000000, 0x00000000e8c00000, 0x0000000100000000)
  eden space 61440K, 35% used [0x00000000e0000000,0x00000000e1517470,0x00000000e3c00000)
  from space 2560K, 98% used [0x00000000e3c00000,0x00000000e3e78040,0x00000000e3e80000)
  to   space 10240K, 0% used [0x00000000e8200000,0x00000000e8200000,0x00000000e8c00000)
 ParOldGen       total 40960K, used 12930K [0x00000000a0000000, 0x00000000a2800000, 0x00000000e0000000)
  object space 40960K, 31% used [0x00000000a0000000,0x00000000a0ca0950,0x00000000a2800000)
 Metaspace       used 20681K, capacity 21162K, committed 21296K, reserved 1067008K
  class space    used 2960K, capacity 3122K, committed 3200K, reserved 1048576K
Event: 4.940 GC heap after
Heap after GC invocations=6 (full 0):
 PSYoungGen      total 132096K, used 5381K [0x00000000e0000000, 0x00000000e8b00000, 0x0000000100000000)
  eden space 122880K, 0% used [0x00000000e0000000,0x00000000e0000000,0x00000000e7800000)
  from space 9216K, 58% used [0x00000000e8200000,0x00000000e8741648,0x00000000e8b00000)
  to   space 9728K, 0% used [0x00000000e7800000,0x00000000e7800000,0x00000000e8180000)
 ParOldGen       total 40960K, used 12930K [0x00000000a0000000, 0x00000000a2800000, 0x00000000e0000000)
  object space 40960K, 31% used [0x00000000a0000000,0x00000000a0ca0950,0x00000000a2800000)
 Metaspace       used 20681K, capacity 21162K, committed 21296K, reserved 1067008K
  class space    used 2960K, capacity 3122K, committed 3200K, reserved 1048576K
}
Event: 4.940 GC heap before
{Heap before GC invocations=7 (full 1):
 PSYoungGen      total 132096K, used 5381K [0x00000000e0000000, 0x00000000e8b00000, 0x0000000100000000)
  eden space 122880K, 0% used [0x00000000e0000000,0x00000000e0000000,0x00000000e7800000)
  from space 9216K, 58% used [0x00000000e8200000,0x00000000e8741648,0x00000000e8b00000)
  to   space 9728K, 0% used [0x00000000e7800000,0x00000000e7800000,0x00000000e8180000)
 ParOldGen       total 40960K, used 12930K [0x00000000a0000000, 0x00000000a2800000, 0x00000000e0000000)
  object space 40960K, 31% used [0x00000000a0000000,0x00000000a0ca0950,0x00000000a2800000)
 Metaspace       used 20681K, capacity 21162K, committed 21296K, reserved 1067008K
  class space    used 2960K, capacity 3122K, committed 3200K, reserved 1048576K
Event: 4.996 GC heap after
Heap after GC invocations=7 (full 1):
 PSYoungGen      total 132096K, used 0K [0x00000000e0000000, 0x00000000e8b00000, 0x0000000100000000)
  eden space 122880K, 0% used [0x00000000e0000000,0x00000000e0000000,0x00000000e7800000)
  from space 9216K, 0% used [0x00000000e8200000,0x00000000e8200000,0x00000000e8b00000)
  to   space 9728K, 0% used [0x00000000e7800000,0x00000000e7800000,0x00000000e8180000)
 ParOldGen       total 41472K, used 13338K [0x00000000a0000000, 0x00000000a2880000, 0x00000000e0000000)
  object space 41472K, 32% used [0x00000000a0000000,0x00000000a0d06ae0,0x00000000a2880000)
 Metaspace       used 20681K, capacity 21162K, committed 21296K, reserved 1067008K
  class space    used 2960K, capacity 3122K, committed 3200K, reserved 1048576K
}
Event: 8.635 GC heap before
{Heap before GC invocations=8 (full 1):
 PSYoungGen      total 132096K, used 122880K [0x00000000e0000000, 0x00000000e8b00000, 0x0000000100000000)
  eden space 122880K, 100% used [0x00000000e0000000,0x00000000e7800000,0x00000000e7800000)
  from space 9216K, 0% used [0x00000000e8200000,0x00000000e8200000,0x00000000e8b00000)
  to   space 9728K, 0% used [0x00000000e7800000,0x00000000e7800000,0x00000000e8180000)
 ParOldGen       total 41472K, used 13338K [0x00000000a0000000, 0x00000000a2880000, 0x00000000e0000000)
  object space 41472K, 32% used [0x00000000a0000000,0x00000000a0d06ae0,0x00000000a2880000)
 Metaspace       used 31682K, capacity 32390K, committed 32512K, reserved 1077248K
  class space    used 4329K, capacity 4550K, committed 4608K, reserved 1048576K

